2023-03-26 08:22:14.166 [main] DEBUG org.springframework.context.annotation.AnnotationConfigApplicationContext - Refreshing org.springframework.context.annotation.AnnotationConfigApplicationContext@302f7971
2023-03-26 08:22:14.191 [main] DEBUG org.springframework.beans.factory.support.DefaultListableBeanFactory - Creating shared instance of singleton bean 'org.springframework.context.annotation.internalConfigurationAnnotationProcessor'
2023-03-26 08:22:14.285 [main] DEBUG org.springframework.beans.factory.support.DefaultListableBeanFactory - Creating shared instance of singleton bean 'org.springframework.context.event.internalEventListenerProcessor'
2023-03-26 08:22:14.293 [main] DEBUG org.springframework.beans.factory.support.DefaultListableBeanFactory - Creating shared instance of singleton bean 'org.springframework.context.event.internalEventListenerFactory'
2023-03-26 08:22:14.295 [main] DEBUG org.springframework.beans.factory.support.DefaultListableBeanFactory - Creating shared instance of singleton bean 'org.springframework.context.annotation.internalAutowiredAnnotationProcessor'
2023-03-26 08:22:14.299 [main] DEBUG org.springframework.beans.factory.support.DefaultListableBeanFactory - Creating shared instance of singleton bean 'org.springframework.context.annotation.internalCommonAnnotationProcessor'
2023-03-26 08:22:14.313 [main] DEBUG org.springframework.beans.factory.support.DefaultListableBeanFactory - Creating shared instance of singleton bean 'applicationConfiguration'
2023-03-26 08:22:14.319 [main] DEBUG org.springframework.beans.factory.support.DefaultListableBeanFactory - Creating shared instance of singleton bean 'calc'
2023-03-26 08:22:14.358 [main] INFO  AbhishekLogger - 30
2023-03-26 08:22:14.362 [main] INFO  AbhishekLogger - 46.97
2023-03-26 08:26:08.829 [main] DEBUG org.springframework.context.annotation.AnnotationConfigApplicationContext - Refreshing org.springframework.context.annotation.AnnotationConfigApplicationContext@609db546
2023-03-26 08:26:08.850 [main] DEBUG org.springframework.beans.factory.support.DefaultListableBeanFactory - Creating shared instance of singleton bean 'org.springframework.context.annotation.internalConfigurationAnnotationProcessor'
2023-03-26 08:26:08.950 [main] DEBUG org.springframework.beans.factory.support.DefaultListableBeanFactory - Creating shared instance of singleton bean 'org.springframework.context.event.internalEventListenerProcessor'
2023-03-26 08:26:08.957 [main] DEBUG org.springframework.beans.factory.support.DefaultListableBeanFactory - Creating shared instance of singleton bean 'org.springframework.context.event.internalEventListenerFactory'
2023-03-26 08:26:08.958 [main] DEBUG org.springframework.beans.factory.support.DefaultListableBeanFactory - Creating shared instance of singleton bean 'org.springframework.context.annotation.internalAutowiredAnnotationProcessor'
2023-03-26 08:26:08.961 [main] DEBUG org.springframework.beans.factory.support.DefaultListableBeanFactory - Creating shared instance of singleton bean 'org.springframework.context.annotation.internalCommonAnnotationProcessor'
2023-03-26 08:26:08.972 [main] DEBUG org.springframework.beans.factory.support.DefaultListableBeanFactory - Creating shared instance of singleton bean 'applicationConfiguration1'
2023-03-26 08:26:08.978 [main] DEBUG org.springframework.beans.factory.support.DefaultListableBeanFactory - Creating shared instance of singleton bean 'calc'
2023-03-26 08:26:09.003 [main] INFO  AbhishekLogger - 30
2023-03-26 08:26:09.005 [main] INFO  AbhishekLogger - 46.97
2023-03-26 11:06:09.411 [main] DEBUG org.springframework.context.annotation.AnnotationConfigApplicationContext - Refreshing org.springframework.context.annotation.AnnotationConfigApplicationContext@609db546
2023-03-26 11:06:09.434 [main] DEBUG org.springframework.beans.factory.support.DefaultListableBeanFactory - Creating shared instance of singleton bean 'org.springframework.context.annotation.internalConfigurationAnnotationProcessor'
2023-03-26 11:06:09.528 [main] DEBUG org.springframework.beans.factory.support.DefaultListableBeanFactory - Creating shared instance of singleton bean 'org.springframework.context.event.internalEventListenerProcessor'
2023-03-26 11:06:09.535 [main] DEBUG org.springframework.beans.factory.support.DefaultListableBeanFactory - Creating shared instance of singleton bean 'org.springframework.context.event.internalEventListenerFactory'
2023-03-26 11:06:09.537 [main] DEBUG org.springframework.beans.factory.support.DefaultListableBeanFactory - Creating shared instance of singleton bean 'org.springframework.context.annotation.internalAutowiredAnnotationProcessor'
2023-03-26 11:06:09.541 [main] DEBUG org.springframework.beans.factory.support.DefaultListableBeanFactory - Creating shared instance of singleton bean 'org.springframework.context.annotation.internalCommonAnnotationProcessor'
2023-03-26 11:06:09.555 [main] DEBUG org.springframework.beans.factory.support.DefaultListableBeanFactory - Creating shared instance of singleton bean 'applicationConfiguration1'
2023-03-26 11:06:09.560 [main] DEBUG org.springframework.beans.factory.support.DefaultListableBeanFactory - Creating shared instance of singleton bean 'calc'
2023-03-26 11:07:44.216 [main] DEBUG org.springframework.context.annotation.AnnotationConfigApplicationContext - Refreshing org.springframework.context.annotation.AnnotationConfigApplicationContext@609db546
2023-03-26 11:07:44.241 [main] DEBUG org.springframework.beans.factory.support.DefaultListableBeanFactory - Creating shared instance of singleton bean 'org.springframework.context.annotation.internalConfigurationAnnotationProcessor'
2023-03-26 11:07:44.345 [main] DEBUG org.springframework.beans.factory.support.DefaultListableBeanFactory - Creating shared instance of singleton bean 'org.springframework.context.event.internalEventListenerProcessor'
2023-03-26 11:07:44.352 [main] DEBUG org.springframework.beans.factory.support.DefaultListableBeanFactory - Creating shared instance of singleton bean 'org.springframework.context.event.internalEventListenerFactory'
2023-03-26 11:07:44.355 [main] DEBUG org.springframework.beans.factory.support.DefaultListableBeanFactory - Creating shared instance of singleton bean 'org.springframework.context.annotation.internalAutowiredAnnotationProcessor'
2023-03-26 11:07:44.357 [main] DEBUG org.springframework.beans.factory.support.DefaultListableBeanFactory - Creating shared instance of singleton bean 'org.springframework.context.annotation.internalCommonAnnotationProcessor'
2023-03-26 11:07:44.369 [main] DEBUG org.springframework.beans.factory.support.DefaultListableBeanFactory - Creating shared instance of singleton bean 'applicationConfiguration1'
2023-03-26 11:07:44.374 [main] DEBUG org.springframework.beans.factory.support.DefaultListableBeanFactory - Creating shared instance of singleton bean 'calc'
2023-03-26 11:29:03.573 [main] DEBUG org.springframework.context.annotation.AnnotationConfigApplicationContext - Refreshing org.springframework.context.annotation.AnnotationConfigApplicationContext@60b4beb4
2023-03-26 11:29:03.598 [main] DEBUG org.springframework.beans.factory.support.DefaultListableBeanFactory - Creating shared instance of singleton bean 'org.springframework.context.annotation.internalConfigurationAnnotationProcessor'
2023-03-26 11:29:03.696 [main] DEBUG org.springframework.beans.factory.support.DefaultListableBeanFactory - Creating shared instance of singleton bean 'org.springframework.context.event.internalEventListenerProcessor'
2023-03-26 11:29:03.704 [main] DEBUG org.springframework.beans.factory.support.DefaultListableBeanFactory - Creating shared instance of singleton bean 'org.springframework.context.event.internalEventListenerFactory'
2023-03-26 11:29:03.706 [main] DEBUG org.springframework.beans.factory.support.DefaultListableBeanFactory - Creating shared instance of singleton bean 'org.springframework.context.annotation.internalAutowiredAnnotationProcessor'
2023-03-26 11:29:03.709 [main] DEBUG org.springframework.beans.factory.support.DefaultListableBeanFactory - Creating shared instance of singleton bean 'org.springframework.context.annotation.internalCommonAnnotationProcessor'
2023-03-26 11:29:03.722 [main] DEBUG org.springframework.beans.factory.support.DefaultListableBeanFactory - Creating shared instance of singleton bean 'applicationConfiguration1'
2023-03-26 11:29:03.729 [main] DEBUG org.springframework.beans.factory.support.DefaultListableBeanFactory - Creating shared instance of singleton bean 'calc'
2023-03-26 12:57:18.695 [main] DEBUG org.springframework.context.annotation.AnnotationConfigApplicationContext - Refreshing org.springframework.context.annotation.AnnotationConfigApplicationContext@60b4beb4
2023-03-26 12:57:18.721 [main] DEBUG org.springframework.beans.factory.support.DefaultListableBeanFactory - Creating shared instance of singleton bean 'org.springframework.context.annotation.internalConfigurationAnnotationProcessor'
2023-03-26 12:57:18.933 [main] DEBUG org.springframework.beans.factory.support.DefaultListableBeanFactory - Creating shared instance of singleton bean 'org.springframework.context.event.internalEventListenerProcessor'
2023-03-26 12:57:18.936 [main] DEBUG org.springframework.beans.factory.support.DefaultListableBeanFactory - Creating shared instance of singleton bean 'org.springframework.context.event.internalEventListenerFactory'
2023-03-26 12:57:18.937 [main] DEBUG org.springframework.beans.factory.support.DefaultListableBeanFactory - Creating shared instance of singleton bean 'org.springframework.context.annotation.internalAutowiredAnnotationProcessor'
2023-03-26 12:57:18.940 [main] DEBUG org.springframework.beans.factory.support.DefaultListableBeanFactory - Creating shared instance of singleton bean 'org.springframework.context.annotation.internalCommonAnnotationProcessor'
2023-03-26 12:57:18.945 [main] DEBUG org.springframework.beans.factory.support.DefaultListableBeanFactory - Creating shared instance of singleton bean 'org.springframework.aop.config.internalAutoProxyCreator'
2023-03-26 12:57:19.054 [main] DEBUG org.springframework.beans.factory.support.DefaultListableBeanFactory - Creating shared instance of singleton bean 'loggingConfig'
2023-03-26 12:57:19.064 [main] DEBUG org.springframework.beans.factory.support.DefaultListableBeanFactory - Creating shared instance of singleton bean 'beanCalculator'
2023-03-26 12:59:31.048 [main] DEBUG org.springframework.context.annotation.AnnotationConfigApplicationContext - Refreshing org.springframework.context.annotation.AnnotationConfigApplicationContext@60b4beb4
2023-03-26 12:59:31.078 [main] DEBUG org.springframework.beans.factory.support.DefaultListableBeanFactory - Creating shared instance of singleton bean 'org.springframework.context.annotation.internalConfigurationAnnotationProcessor'
2023-03-26 12:59:31.267 [main] DEBUG org.springframework.beans.factory.support.DefaultListableBeanFactory - Creating shared instance of singleton bean 'org.springframework.context.event.internalEventListenerProcessor'
2023-03-26 12:59:31.271 [main] DEBUG org.springframework.beans.factory.support.DefaultListableBeanFactory - Creating shared instance of singleton bean 'org.springframework.context.event.internalEventListenerFactory'
2023-03-26 12:59:31.275 [main] DEBUG org.springframework.beans.factory.support.DefaultListableBeanFactory - Creating shared instance of singleton bean 'org.springframework.context.annotation.internalAutowiredAnnotationProcessor'
2023-03-26 12:59:31.280 [main] DEBUG org.springframework.beans.factory.support.DefaultListableBeanFactory - Creating shared instance of singleton bean 'org.springframework.context.annotation.internalCommonAnnotationProcessor'
2023-03-26 12:59:31.286 [main] DEBUG org.springframework.beans.factory.support.DefaultListableBeanFactory - Creating shared instance of singleton bean 'org.springframework.aop.config.internalAutoProxyCreator'
2023-03-26 12:59:31.387 [main] DEBUG org.springframework.beans.factory.support.DefaultListableBeanFactory - Creating shared instance of singleton bean 'loggingConfig'
2023-03-26 12:59:31.396 [main] DEBUG org.springframework.beans.factory.support.DefaultListableBeanFactory - Creating shared instance of singleton bean 'beanCalculator'
2023-03-26 12:59:47.125 [main] DEBUG org.springframework.context.annotation.AnnotationConfigApplicationContext - Refreshing org.springframework.context.annotation.AnnotationConfigApplicationContext@60b4beb4
2023-03-26 12:59:47.148 [main] DEBUG org.springframework.beans.factory.support.DefaultListableBeanFactory - Creating shared instance of singleton bean 'org.springframework.context.annotation.internalConfigurationAnnotationProcessor'
2023-03-26 12:59:47.318 [main] DEBUG org.springframework.beans.factory.support.DefaultListableBeanFactory - Creating shared instance of singleton bean 'org.springframework.context.event.internalEventListenerProcessor'
2023-03-26 12:59:47.320 [main] DEBUG org.springframework.beans.factory.support.DefaultListableBeanFactory - Creating shared instance of singleton bean 'org.springframework.context.event.internalEventListenerFactory'
2023-03-26 12:59:47.322 [main] DEBUG org.springframework.beans.factory.support.DefaultListableBeanFactory - Creating shared instance of singleton bean 'org.springframework.context.annotation.internalAutowiredAnnotationProcessor'
2023-03-26 12:59:47.325 [main] DEBUG org.springframework.beans.factory.support.DefaultListableBeanFactory - Creating shared instance of singleton bean 'org.springframework.context.annotation.internalCommonAnnotationProcessor'
2023-03-26 12:59:47.330 [main] DEBUG org.springframework.beans.factory.support.DefaultListableBeanFactory - Creating shared instance of singleton bean 'org.springframework.aop.config.internalAutoProxyCreator'
2023-03-26 12:59:47.418 [main] DEBUG org.springframework.beans.factory.support.DefaultListableBeanFactory - Creating shared instance of singleton bean 'loggingConfig'
2023-03-26 12:59:47.425 [main] DEBUG org.springframework.beans.factory.support.DefaultListableBeanFactory - Creating shared instance of singleton bean 'beanCalculator'
2023-03-26 12:59:57.702 [main] DEBUG org.springframework.context.annotation.AnnotationConfigApplicationContext - Refreshing org.springframework.context.annotation.AnnotationConfigApplicationContext@60b4beb4
2023-03-26 12:59:57.725 [main] DEBUG org.springframework.beans.factory.support.DefaultListableBeanFactory - Creating shared instance of singleton bean 'org.springframework.context.annotation.internalConfigurationAnnotationProcessor'
2023-03-26 12:59:57.896 [main] DEBUG org.springframework.beans.factory.support.DefaultListableBeanFactory - Creating shared instance of singleton bean 'org.springframework.context.event.internalEventListenerProcessor'
2023-03-26 12:59:57.899 [main] DEBUG org.springframework.beans.factory.support.DefaultListableBeanFactory - Creating shared instance of singleton bean 'org.springframework.context.event.internalEventListenerFactory'
2023-03-26 12:59:57.901 [main] DEBUG org.springframework.beans.factory.support.DefaultListableBeanFactory - Creating shared instance of singleton bean 'org.springframework.context.annotation.internalAutowiredAnnotationProcessor'
2023-03-26 12:59:57.903 [main] DEBUG org.springframework.beans.factory.support.DefaultListableBeanFactory - Creating shared instance of singleton bean 'org.springframework.context.annotation.internalCommonAnnotationProcessor'
2023-03-26 12:59:57.909 [main] DEBUG org.springframework.beans.factory.support.DefaultListableBeanFactory - Creating shared instance of singleton bean 'org.springframework.aop.config.internalAutoProxyCreator'
2023-03-26 12:59:58.015 [main] DEBUG org.springframework.beans.factory.support.DefaultListableBeanFactory - Creating shared instance of singleton bean 'loggingConfig'
2023-03-26 12:59:58.024 [main] DEBUG org.springframework.beans.factory.support.DefaultListableBeanFactory - Creating shared instance of singleton bean 'beanCalculator'
2023-03-26 13:08:19.042 [main] DEBUG org.springframework.context.annotation.AnnotationConfigApplicationContext - Refreshing org.springframework.context.annotation.AnnotationConfigApplicationContext@41005828
2023-03-26 13:08:19.066 [main] DEBUG org.springframework.beans.factory.support.DefaultListableBeanFactory - Creating shared instance of singleton bean 'org.springframework.context.annotation.internalConfigurationAnnotationProcessor'
2023-03-26 13:08:19.231 [main] DEBUG org.springframework.beans.factory.support.DefaultListableBeanFactory - Creating shared instance of singleton bean 'org.springframework.context.event.internalEventListenerProcessor'
2023-03-26 13:08:19.233 [main] DEBUG org.springframework.beans.factory.support.DefaultListableBeanFactory - Creating shared instance of singleton bean 'org.springframework.context.event.internalEventListenerFactory'
2023-03-26 13:08:19.236 [main] DEBUG org.springframework.beans.factory.support.DefaultListableBeanFactory - Creating shared instance of singleton bean 'org.springframework.context.annotation.internalAutowiredAnnotationProcessor'
2023-03-26 13:08:19.238 [main] DEBUG org.springframework.beans.factory.support.DefaultListableBeanFactory - Creating shared instance of singleton bean 'org.springframework.context.annotation.internalCommonAnnotationProcessor'
2023-03-26 13:08:19.245 [main] DEBUG org.springframework.beans.factory.support.DefaultListableBeanFactory - Creating shared instance of singleton bean 'org.springframework.aop.config.internalAutoProxyCreator'
2023-03-26 13:08:19.360 [main] DEBUG org.springframework.beans.factory.support.DefaultListableBeanFactory - Creating shared instance of singleton bean 'loggingConfig'
2023-03-26 13:08:19.369 [main] DEBUG org.springframework.beans.factory.support.DefaultListableBeanFactory - Creating shared instance of singleton bean 'beanCalculator'
2023-03-26 13:18:45.401 [main] DEBUG org.springframework.context.annotation.AnnotationConfigApplicationContext - Refreshing org.springframework.context.annotation.AnnotationConfigApplicationContext@60b4beb4
2023-03-26 13:18:45.427 [main] DEBUG org.springframework.beans.factory.support.DefaultListableBeanFactory - Creating shared instance of singleton bean 'org.springframework.context.annotation.internalConfigurationAnnotationProcessor'
2023-03-26 13:18:45.594 [main] DEBUG org.springframework.beans.factory.support.DefaultListableBeanFactory - Creating shared instance of singleton bean 'org.springframework.context.event.internalEventListenerProcessor'
2023-03-26 13:18:45.596 [main] DEBUG org.springframework.beans.factory.support.DefaultListableBeanFactory - Creating shared instance of singleton bean 'org.springframework.context.event.internalEventListenerFactory'
2023-03-26 13:18:45.597 [main] DEBUG org.springframework.beans.factory.support.DefaultListableBeanFactory - Creating shared instance of singleton bean 'org.springframework.context.annotation.internalAutowiredAnnotationProcessor'
2023-03-26 13:18:45.600 [main] DEBUG org.springframework.beans.factory.support.DefaultListableBeanFactory - Creating shared instance of singleton bean 'org.springframework.context.annotation.internalCommonAnnotationProcessor'
2023-03-26 13:18:45.604 [main] DEBUG org.springframework.beans.factory.support.DefaultListableBeanFactory - Creating shared instance of singleton bean 'org.springframework.aop.config.internalAutoProxyCreator'
2023-03-26 13:18:45.702 [main] DEBUG org.springframework.beans.factory.support.DefaultListableBeanFactory - Creating shared instance of singleton bean 'appConfig'
2023-03-26 13:18:45.744 [main] DEBUG org.springframework.aop.aspectj.annotation.ReflectiveAspectJAdvisorFactory - Found AspectJ method: public void drivers.aspect1.model1.CalculatorLoggingAspect.logBeforeSubtract(org.aspectj.lang.JoinPoint)
2023-03-26 13:18:45.747 [main] DEBUG org.springframework.aop.aspectj.annotation.ReflectiveAspectJAdvisorFactory - Found AspectJ method: public void drivers.aspect.model1.CalculatorLoggingAspect.logAfterAdd(org.aspectj.lang.JoinPoint)
2023-03-26 13:18:45.749 [main] DEBUG org.springframework.aop.aspectj.annotation.ReflectiveAspectJAdvisorFactory - Found AspectJ method: public void drivers.aspect.model1.CalculatorLoggingAspect.logAfterMultiply(org.aspectj.lang.JoinPoint,java.lang.Object)
2023-03-26 13:18:45.764 [main] DEBUG org.springframework.aop.aspectj.annotation.ReflectiveAspectJAdvisorFactory - Found AspectJ method: public void drivers.aspect.model1.CalculatorLoggingAspect.logAfterThrowingDivide(org.aspectj.lang.JoinPoint,java.lang.ArithmeticException)
2023-03-26 13:18:45.923 [main] DEBUG org.springframework.beans.factory.support.DefaultListableBeanFactory - Creating shared instance of singleton bean 'beanCalculator'
2023-03-26 13:18:46.016 [main] DEBUG org.springframework.beans.factory.support.DefaultListableBeanFactory - Creating shared instance of singleton bean 'calculatorLoggingAspect'
2023-03-26 13:29:12.259 [main] DEBUG org.springframework.context.annotation.AnnotationConfigApplicationContext - Refreshing org.springframework.context.annotation.AnnotationConfigApplicationContext@455b6df1
2023-03-26 13:29:12.283 [main] DEBUG org.springframework.beans.factory.support.DefaultListableBeanFactory - Creating shared instance of singleton bean 'org.springframework.context.annotation.internalConfigurationAnnotationProcessor'
2023-03-26 13:29:12.605 [main] DEBUG org.springframework.beans.factory.support.DefaultListableBeanFactory - Creating shared instance of singleton bean 'org.springframework.context.event.internalEventListenerProcessor'
2023-03-26 13:29:12.608 [main] DEBUG org.springframework.beans.factory.support.DefaultListableBeanFactory - Creating shared instance of singleton bean 'org.springframework.context.event.internalEventListenerFactory'
2023-03-26 13:29:12.611 [main] DEBUG org.springframework.beans.factory.support.DefaultListableBeanFactory - Creating shared instance of singleton bean 'org.springframework.context.annotation.internalAutowiredAnnotationProcessor'
2023-03-26 13:29:12.615 [main] DEBUG org.springframework.beans.factory.support.DefaultListableBeanFactory - Creating shared instance of singleton bean 'org.springframework.context.annotation.internalCommonAnnotationProcessor'
2023-03-26 13:29:12.624 [main] DEBUG org.springframework.beans.factory.support.DefaultListableBeanFactory - Creating shared instance of singleton bean 'org.springframework.aop.config.internalAutoProxyCreator'
2023-03-26 13:29:12.753 [main] DEBUG org.springframework.beans.factory.support.DefaultListableBeanFactory - Creating shared instance of singleton bean 'appConfig'
2023-03-26 13:29:12.791 [main] DEBUG org.springframework.aop.aspectj.annotation.ReflectiveAspectJAdvisorFactory - Found AspectJ method: public void drivers.aspect.model1.CalculatorLoggingAspect.logBeforeSubtract(org.aspectj.lang.JoinPoint)
2023-03-26 13:29:12.795 [main] DEBUG org.springframework.aop.aspectj.annotation.ReflectiveAspectJAdvisorFactory - Found AspectJ method: public void drivers.aspect.model1.CalculatorLoggingAspect.logAfterAdd(org.aspectj.lang.JoinPoint)
2023-03-26 13:29:12.796 [main] DEBUG org.springframework.aop.aspectj.annotation.ReflectiveAspectJAdvisorFactory - Found AspectJ method: public void drivers.aspect.model1.CalculatorLoggingAspect.logAfterMultiply(org.aspectj.lang.JoinPoint,java.lang.Object)
2023-03-26 13:29:12.812 [main] DEBUG org.springframework.aop.aspectj.annotation.ReflectiveAspectJAdvisorFactory - Found AspectJ method: public void drivers.aspect.model1.CalculatorLoggingAspect.logAfterThrowingDivide(org.aspectj.lang.JoinPoint,java.lang.ArithmeticException)
2023-03-26 13:29:12.931 [main] DEBUG org.springframework.beans.factory.support.DefaultListableBeanFactory - Creating shared instance of singleton bean 'beanCalculator'
2023-03-26 13:29:13.013 [main] DEBUG org.springframework.beans.factory.support.DefaultListableBeanFactory - Creating shared instance of singleton bean 'calculatorLoggingAspect'
2023-03-26 13:29:13.063 [main] INFO  Abhishek16915 - Addition Args: 5, 10
2023-03-26 13:29:13.067 [main] INFO  Abhishek16915 - Addition Args: 3.5, 2.8
2023-03-26 13:29:13.068 [main] INFO  Abhishek16915 - Addition Args: Hello , World
2023-03-26 13:29:13.068 [main] INFO  Abhishek16915 - Subtraction Args: 15, 5
2023-03-26 13:29:13.069 [main] INFO  Abhishek16915 - Subtraction Args: 10.5, 2.7
2023-03-26 13:29:13.070 [main] INFO  Abhishek16915 - Multiplication Result: 24
2023-03-26 13:30:31.721 [main] DEBUG org.springframework.context.annotation.AnnotationConfigApplicationContext - Refreshing org.springframework.context.annotation.AnnotationConfigApplicationContext@2d778add
2023-03-26 13:30:31.742 [main] DEBUG org.springframework.beans.factory.support.DefaultListableBeanFactory - Creating shared instance of singleton bean 'org.springframework.context.annotation.internalConfigurationAnnotationProcessor'
2023-03-26 13:30:31.948 [main] DEBUG org.springframework.beans.factory.support.DefaultListableBeanFactory - Creating shared instance of singleton bean 'org.springframework.context.event.internalEventListenerProcessor'
2023-03-26 13:30:31.950 [main] DEBUG org.springframework.beans.factory.support.DefaultListableBeanFactory - Creating shared instance of singleton bean 'org.springframework.context.event.internalEventListenerFactory'
2023-03-26 13:30:31.953 [main] DEBUG org.springframework.beans.factory.support.DefaultListableBeanFactory - Creating shared instance of singleton bean 'org.springframework.context.annotation.internalAutowiredAnnotationProcessor'
2023-03-26 13:30:31.955 [main] DEBUG org.springframework.beans.factory.support.DefaultListableBeanFactory - Creating shared instance of singleton bean 'org.springframework.context.annotation.internalCommonAnnotationProcessor'
2023-03-26 13:30:31.960 [main] DEBUG org.springframework.beans.factory.support.DefaultListableBeanFactory - Creating shared instance of singleton bean 'org.springframework.aop.config.internalAutoProxyCreator'
2023-03-26 13:30:32.057 [main] DEBUG org.springframework.beans.factory.support.DefaultListableBeanFactory - Creating shared instance of singleton bean 'appConfig'
2023-03-26 13:30:32.088 [main] DEBUG org.springframework.aop.aspectj.annotation.ReflectiveAspectJAdvisorFactory - Found AspectJ method: public void drivers.aspect.model1.CalculatorLoggingAspect.logBeforeSubtract(org.aspectj.lang.JoinPoint)
2023-03-26 13:30:32.090 [main] DEBUG org.springframework.aop.aspectj.annotation.ReflectiveAspectJAdvisorFactory - Found AspectJ method: public void drivers.aspect.model1.CalculatorLoggingAspect.logAfterAdd(org.aspectj.lang.JoinPoint)
2023-03-26 13:30:32.091 [main] DEBUG org.springframework.aop.aspectj.annotation.ReflectiveAspectJAdvisorFactory - Found AspectJ method: public void drivers.aspect.model1.CalculatorLoggingAspect.logAfterMultiply(org.aspectj.lang.JoinPoint,java.lang.Object)
2023-03-26 13:30:32.105 [main] DEBUG org.springframework.aop.aspectj.annotation.ReflectiveAspectJAdvisorFactory - Found AspectJ method: public void drivers.aspect.model1.CalculatorLoggingAspect.logAfterThrowingDivide(org.aspectj.lang.JoinPoint,java.lang.ArithmeticException)
2023-03-26 13:30:32.258 [main] DEBUG org.springframework.beans.factory.support.DefaultListableBeanFactory - Creating shared instance of singleton bean 'beanCalculator'
2023-03-26 13:30:32.340 [main] DEBUG org.springframework.beans.factory.support.DefaultListableBeanFactory - Creating shared instance of singleton bean 'calculatorLoggingAspect'
2023-03-26 13:30:32.383 [main] INFO  Abhishek16915 - Addition Args: 5, 10
2023-03-26 13:30:32.386 [main] INFO  Abhishek16915 - Addition Args: 3.5, 2.8
2023-03-26 13:30:32.387 [main] INFO  Abhishek16915 - Addition Args: Hello , World
2023-03-26 13:30:32.389 [main] INFO  Abhishek16915 - Subtraction Args: 15, 5
2023-03-26 13:30:32.390 [main] INFO  Abhishek16915 - Subtraction Args: 10.5, 2.7
2023-03-26 13:30:32.391 [main] INFO  Abhishek16915 - Multiplication Result: 24
2023-03-26 13:30:32.391 [main] INFO  Abhishek16915 - 15
2023-03-26 13:30:32.392 [main] INFO  Abhishek16915 - 6.3
2023-03-26 13:30:32.392 [main] INFO  Abhishek16915 - Hello World
2023-03-26 13:30:32.392 [main] INFO  Abhishek16915 - 10
2023-03-26 13:30:32.392 [main] INFO  Abhishek16915 - 7.8
2023-03-26 13:30:32.392 [main] INFO  Abhishek16915 - 24
2023-03-26 13:35:21.601 [main] DEBUG org.springframework.context.annotation.AnnotationConfigApplicationContext - Refreshing org.springframework.context.annotation.AnnotationConfigApplicationContext@2d778add
2023-03-26 13:35:21.620 [main] DEBUG org.springframework.beans.factory.support.DefaultListableBeanFactory - Creating shared instance of singleton bean 'org.springframework.context.annotation.internalConfigurationAnnotationProcessor'
2023-03-26 13:35:21.823 [main] DEBUG org.springframework.beans.factory.support.DefaultListableBeanFactory - Creating shared instance of singleton bean 'org.springframework.context.event.internalEventListenerProcessor'
2023-03-26 13:35:21.824 [main] DEBUG org.springframework.beans.factory.support.DefaultListableBeanFactory - Creating shared instance of singleton bean 'org.springframework.context.event.internalEventListenerFactory'
2023-03-26 13:35:21.826 [main] DEBUG org.springframework.beans.factory.support.DefaultListableBeanFactory - Creating shared instance of singleton bean 'org.springframework.context.annotation.internalAutowiredAnnotationProcessor'
2023-03-26 13:35:21.828 [main] DEBUG org.springframework.beans.factory.support.DefaultListableBeanFactory - Creating shared instance of singleton bean 'org.springframework.context.annotation.internalCommonAnnotationProcessor'
2023-03-26 13:35:21.832 [main] DEBUG org.springframework.beans.factory.support.DefaultListableBeanFactory - Creating shared instance of singleton bean 'org.springframework.aop.config.internalAutoProxyCreator'
2023-03-26 13:35:21.909 [main] DEBUG org.springframework.beans.factory.support.DefaultListableBeanFactory - Creating shared instance of singleton bean 'appConfig'
2023-03-26 13:35:21.937 [main] DEBUG org.springframework.aop.aspectj.annotation.ReflectiveAspectJAdvisorFactory - Found AspectJ method: public void drivers.aspect.model1.CalculatorLoggingAspect.logBeforeSubtract(org.aspectj.lang.JoinPoint)
2023-03-26 13:35:21.940 [main] DEBUG org.springframework.aop.aspectj.annotation.ReflectiveAspectJAdvisorFactory - Found AspectJ method: public void drivers.aspect.model1.CalculatorLoggingAspect.logAfterAdd(org.aspectj.lang.JoinPoint)
2023-03-26 13:35:21.941 [main] DEBUG org.springframework.aop.aspectj.annotation.ReflectiveAspectJAdvisorFactory - Found AspectJ method: public void drivers.aspect.model1.CalculatorLoggingAspect.logAfterMultiply(org.aspectj.lang.JoinPoint,java.lang.Object)
2023-03-26 13:35:21.954 [main] DEBUG org.springframework.aop.aspectj.annotation.ReflectiveAspectJAdvisorFactory - Found AspectJ method: public void drivers.aspect.model1.CalculatorLoggingAspect.logAfterThrowingDivide(org.aspectj.lang.JoinPoint,java.lang.ArithmeticException)
2023-03-26 13:35:22.076 [main] DEBUG org.springframework.beans.factory.support.DefaultListableBeanFactory - Creating shared instance of singleton bean 'beanCalculator'
2023-03-26 13:35:22.140 [main] DEBUG org.springframework.beans.factory.support.DefaultListableBeanFactory - Creating shared instance of singleton bean 'calculatorLoggingAspect'
2023-03-26 13:35:22.183 [main] INFO  Abhishek16915 - Addition Args: 5, 10
2023-03-26 13:35:22.187 [main] INFO  Abhishek16915 - Addition Args: 3.5, 2.8
2023-03-26 13:35:22.188 [main] INFO  Abhishek16915 - Addition Args: Hello , World
2023-03-26 13:35:22.189 [main] INFO  Abhishek16915 - Subtraction Args: 15, 5
2023-03-26 13:35:22.190 [main] INFO  Abhishek16915 - Subtraction Args: 10.5, 2.7
2023-03-26 13:35:22.191 [main] INFO  Abhishek16915 - Multiplication Result: 24
2023-03-26 13:35:22.192 [main] INFO  Abhishek16915 - 15
2023-03-26 13:35:22.192 [main] INFO  Abhishek16915 - 6.3
2023-03-26 13:35:22.192 [main] INFO  Abhishek16915 - Hello World
2023-03-26 13:35:22.193 [main] INFO  Abhishek16915 - 10
2023-03-26 13:35:22.193 [main] INFO  Abhishek16915 - 7.8
2023-03-26 13:35:22.193 [main] INFO  Abhishek16915 - 24
