2023-03-22 10:54:03.588 [main] DEBUG org.springframework.context.support.ClassPathXmlApplicationContext - Refreshing org.springframework.context.support.ClassPathXmlApplicationContext@4196c360
2023-03-22 10:54:03.798 [main] DEBUG org.springframework.beans.factory.xml.XmlBeanDefinitionReader - Loaded 3 bean definitions from class path resource [config.xml]
2023-03-22 10:54:03.855 [main] DEBUG org.springframework.beans.factory.support.DefaultListableBeanFactory - Creating shared instance of singleton bean 'myCustomer'
2023-03-22 10:54:03.868 [main] DEBUG org.springframework.beans.factory.support.DefaultListableBeanFactory - Creating shared instance of singleton bean 'address1'
2023-03-22 10:54:03.923 [main] WARN  org.springframework.context.support.ClassPathXmlApplicationContext - Exception encountered during context initialization - cancelling refresh attempt: org.springframework.beans.factory.BeanCreationException: Error creating bean with name 'myCustomer' defined in class path resource [config.xml]: Cannot resolve reference to bean 'lonaAgreement' while setting bean property 'loan'; nested exception is org.springframework.beans.factory.NoSuchBeanDefinitionException: No bean named 'lonaAgreement' available
2023-03-22 11:14:11.983 [main] DEBUG org.springframework.context.support.ClassPathXmlApplicationContext - Refreshing org.springframework.context.support.ClassPathXmlApplicationContext@4416d64f
2023-03-22 11:14:12.191 [main] DEBUG org.springframework.beans.factory.xml.XmlBeanDefinitionReader - Loaded 3 bean definitions from class path resource [config.xml]
2023-03-22 11:14:12.231 [main] DEBUG org.springframework.beans.factory.support.DefaultListableBeanFactory - Creating shared instance of singleton bean 'myCustomer'
2023-03-22 11:14:12.248 [main] DEBUG org.springframework.beans.factory.support.DefaultListableBeanFactory - Creating shared instance of singleton bean 'address1'
2023-03-22 11:14:12.301 [main] WARN  org.springframework.context.support.ClassPathXmlApplicationContext - Exception encountered during context initialization - cancelling refresh attempt: org.springframework.beans.factory.BeanCreationException: Error creating bean with name 'myCustomer' defined in class path resource [config.xml]: Cannot resolve reference to bean 'lonaAgreement' while setting bean property 'loan'; nested exception is org.springframework.beans.factory.NoSuchBeanDefinitionException: No bean named 'lonaAgreement' available
2023-03-22 11:15:51.972 [main] DEBUG org.springframework.context.support.ClassPathXmlApplicationContext - Refreshing org.springframework.context.support.ClassPathXmlApplicationContext@4196c360
2023-03-22 11:15:52.205 [main] DEBUG org.springframework.beans.factory.xml.XmlBeanDefinitionReader - Loaded 3 bean definitions from class path resource [config.xml]
2023-03-22 11:15:52.251 [main] DEBUG org.springframework.beans.factory.support.DefaultListableBeanFactory - Creating shared instance of singleton bean 'myCustomer'
2023-03-22 11:15:52.268 [main] DEBUG org.springframework.beans.factory.support.DefaultListableBeanFactory - Creating shared instance of singleton bean 'address1'
2023-03-22 11:15:52.341 [main] WARN  org.springframework.context.support.ClassPathXmlApplicationContext - Exception encountered during context initialization - cancelling refresh attempt: org.springframework.beans.factory.BeanCreationException: Error creating bean with name 'myCustomer' defined in class path resource [config.xml]: Cannot resolve reference to bean 'lonaDtls' while setting bean property 'loan'; nested exception is org.springframework.beans.factory.NoSuchBeanDefinitionException: No bean named 'lonaDtls' available
2023-03-22 11:17:27.959 [main] DEBUG org.springframework.context.support.ClassPathXmlApplicationContext - Refreshing org.springframework.context.support.ClassPathXmlApplicationContext@5c45d770
2023-03-22 11:17:28.206 [main] DEBUG org.springframework.beans.factory.xml.XmlBeanDefinitionReader - Loaded 3 bean definitions from class path resource [config.xml]
2023-03-22 11:17:28.259 [main] DEBUG org.springframework.beans.factory.support.DefaultListableBeanFactory - Creating shared instance of singleton bean 'myCustomer'
2023-03-22 11:17:28.281 [main] DEBUG org.springframework.beans.factory.support.DefaultListableBeanFactory - Creating shared instance of singleton bean 'address1'
2023-03-22 11:17:28.357 [main] WARN  org.springframework.context.support.ClassPathXmlApplicationContext - Exception encountered during context initialization - cancelling refresh attempt: org.springframework.beans.factory.BeanCreationException: Error creating bean with name 'myCustomer' defined in class path resource [config.xml]: Cannot resolve reference to bean 'lonaDtls' while setting bean property 'loan'; nested exception is org.springframework.beans.factory.NoSuchBeanDefinitionException: No bean named 'lonaDtls' available
2023-03-22 11:21:54.984 [main] DEBUG org.springframework.context.support.ClassPathXmlApplicationContext - Refreshing org.springframework.context.support.ClassPathXmlApplicationContext@5c45d770
2023-03-22 11:21:55.231 [main] DEBUG org.springframework.beans.factory.xml.XmlBeanDefinitionReader - Loaded 3 bean definitions from class path resource [config.xml]
2023-03-22 11:21:55.286 [main] DEBUG org.springframework.beans.factory.support.DefaultListableBeanFactory - Creating shared instance of singleton bean 'myCustomer'
2023-03-22 11:21:55.313 [main] DEBUG org.springframework.beans.factory.support.DefaultListableBeanFactory - Creating shared instance of singleton bean 'address1'
2023-03-22 11:21:55.389 [main] WARN  org.springframework.context.support.ClassPathXmlApplicationContext - Exception encountered during context initialization - cancelling refresh attempt: org.springframework.beans.factory.BeanCreationException: Error creating bean with name 'myCustomer' defined in class path resource [config.xml]: Cannot resolve reference to bean 'lonaDtls' while setting bean property 'loanAgreementDtls'; nested exception is org.springframework.beans.factory.NoSuchBeanDefinitionException: No bean named 'lonaDtls' available
2023-03-22 11:22:50.040 [main] DEBUG org.springframework.context.support.ClassPathXmlApplicationContext - Refreshing org.springframework.context.support.ClassPathXmlApplicationContext@4196c360
2023-03-22 11:22:50.287 [main] DEBUG org.springframework.beans.factory.xml.XmlBeanDefinitionReader - Loaded 3 bean definitions from class path resource [config.xml]
2023-03-22 11:22:50.339 [main] DEBUG org.springframework.beans.factory.support.DefaultListableBeanFactory - Creating shared instance of singleton bean 'myCustomer'
2023-03-22 11:22:50.364 [main] DEBUG org.springframework.beans.factory.support.DefaultListableBeanFactory - Creating shared instance of singleton bean 'address1'
2023-03-22 11:22:50.442 [main] DEBUG org.springframework.beans.factory.support.DefaultListableBeanFactory - Creating shared instance of singleton bean 'loanDtls'
2023-03-22 11:23:22.566 [main] DEBUG org.springframework.context.support.ClassPathXmlApplicationContext - Refreshing org.springframework.context.support.ClassPathXmlApplicationContext@41005828
2023-03-22 11:23:22.824 [main] DEBUG org.springframework.beans.factory.xml.XmlBeanDefinitionReader - Loaded 3 bean definitions from class path resource [config.xml]
2023-03-22 11:23:22.867 [main] DEBUG org.springframework.beans.factory.support.DefaultListableBeanFactory - Creating shared instance of singleton bean 'myCustomer'
2023-03-22 11:23:22.886 [main] DEBUG org.springframework.beans.factory.support.DefaultListableBeanFactory - Creating shared instance of singleton bean 'address1'
2023-03-22 11:23:22.954 [main] DEBUG org.springframework.beans.factory.support.DefaultListableBeanFactory - Creating shared instance of singleton bean 'loanDtls'
2023-03-22 11:24:46.489 [main] DEBUG org.springframework.context.support.ClassPathXmlApplicationContext - Refreshing org.springframework.context.support.ClassPathXmlApplicationContext@5c45d770
2023-03-22 11:24:46.717 [main] DEBUG org.springframework.beans.factory.xml.XmlBeanDefinitionReader - Loaded 3 bean definitions from class path resource [config.xml]
2023-03-22 11:24:46.757 [main] DEBUG org.springframework.beans.factory.support.DefaultListableBeanFactory - Creating shared instance of singleton bean 'myCustomer'
2023-03-22 11:24:46.777 [main] DEBUG org.springframework.beans.factory.support.DefaultListableBeanFactory - Creating shared instance of singleton bean 'address1'
2023-03-22 11:24:46.843 [main] DEBUG org.springframework.beans.factory.support.DefaultListableBeanFactory - Creating shared instance of singleton bean 'loanDtls'
2023-03-22 11:28:31.145 [main] DEBUG org.springframework.context.support.ClassPathXmlApplicationContext - Refreshing org.springframework.context.support.ClassPathXmlApplicationContext@5c45d770
2023-03-22 11:28:31.371 [main] DEBUG org.springframework.beans.factory.xml.XmlBeanDefinitionReader - Loaded 3 bean definitions from class path resource [config.xml]
2023-03-22 11:28:31.415 [main] DEBUG org.springframework.beans.factory.support.DefaultListableBeanFactory - Creating shared instance of singleton bean 'myCustomer'
2023-03-22 11:28:31.431 [main] DEBUG org.springframework.beans.factory.support.DefaultListableBeanFactory - Creating shared instance of singleton bean 'address1'
2023-03-22 11:28:31.491 [main] DEBUG org.springframework.beans.factory.support.DefaultListableBeanFactory - Creating shared instance of singleton bean 'loanDtls'
2023-03-22 11:28:31.503 [main] WARN  org.springframework.context.support.ClassPathXmlApplicationContext - Exception encountered during context initialization - cancelling refresh attempt: org.springframework.beans.factory.BeanCreationException: Error creating bean with name 'myCustomer' defined in class path resource [config.xml]: Cannot resolve reference to bean 'loanDtls' while setting bean property 'loanAgreementDtls'; nested exception is org.springframework.beans.factory.BeanCreationException: Error creating bean with name 'loanDtls' defined in class path resource [config.xml]: Initialization of bean failed; nested exception is org.springframework.beans.ConversionNotSupportedException: Failed to convert property value of type 'java.lang.String' to required type 'assignment5.LoanProduct' for property 'loanProduct'; nested exception is java.lang.IllegalStateException: Cannot convert value of type 'java.lang.String' to required type 'assignment5.LoanProduct' for property 'loanProduct': no matching editors or conversion strategy found
2023-03-22 11:29:44.375 [main] DEBUG org.springframework.context.support.ClassPathXmlApplicationContext - Refreshing org.springframework.context.support.ClassPathXmlApplicationContext@5c45d770
2023-03-22 11:29:44.601 [main] DEBUG org.springframework.beans.factory.xml.XmlBeanDefinitionReader - Loaded 3 bean definitions from class path resource [config.xml]
2023-03-22 11:29:44.635 [main] DEBUG org.springframework.beans.factory.support.DefaultListableBeanFactory - Creating shared instance of singleton bean 'myCustomer'
2023-03-22 11:29:44.651 [main] DEBUG org.springframework.beans.factory.support.DefaultListableBeanFactory - Creating shared instance of singleton bean 'address1'
2023-03-22 11:29:44.723 [main] DEBUG org.springframework.beans.factory.support.DefaultListableBeanFactory - Creating shared instance of singleton bean 'loanDtls'
2023-03-22 11:30:42.451 [main] DEBUG org.springframework.context.support.ClassPathXmlApplicationContext - Refreshing org.springframework.context.support.ClassPathXmlApplicationContext@5c45d770
2023-03-22 11:30:42.658 [main] DEBUG org.springframework.beans.factory.xml.XmlBeanDefinitionReader - Loaded 3 bean definitions from class path resource [config.xml]
2023-03-22 11:30:42.693 [main] DEBUG org.springframework.beans.factory.support.DefaultListableBeanFactory - Creating shared instance of singleton bean 'myCustomer'
2023-03-22 11:30:42.711 [main] DEBUG org.springframework.beans.factory.support.DefaultListableBeanFactory - Creating shared instance of singleton bean 'address1'
2023-03-22 11:30:42.766 [main] DEBUG org.springframework.beans.factory.support.DefaultListableBeanFactory - Creating shared instance of singleton bean 'loanDtls'
2023-03-22 11:32:49.791 [main] DEBUG org.springframework.context.support.ClassPathXmlApplicationContext - Refreshing org.springframework.context.support.ClassPathXmlApplicationContext@4196c360
2023-03-22 11:32:49.982 [main] DEBUG org.springframework.beans.factory.xml.XmlBeanDefinitionReader - Loaded 3 bean definitions from class path resource [config.xml]
2023-03-22 11:32:50.017 [main] DEBUG org.springframework.beans.factory.support.DefaultListableBeanFactory - Creating shared instance of singleton bean 'myCustomer'
2023-03-22 11:32:50.052 [main] DEBUG org.springframework.beans.factory.support.DefaultListableBeanFactory - Creating shared instance of singleton bean 'address1'
2023-03-22 11:32:50.135 [main] DEBUG org.springframework.beans.factory.support.DefaultListableBeanFactory - Creating shared instance of singleton bean 'loanDtls'
2023-03-22 11:42:06.182 [main] DEBUG org.springframework.context.support.ClassPathXmlApplicationContext - Refreshing org.springframework.context.support.ClassPathXmlApplicationContext@7e19ebf0
2023-03-22 11:42:06.389 [main] DEBUG org.springframework.beans.factory.xml.XmlBeanDefinitionReader - Loaded 3 bean definitions from class path resource [config.xml]
2023-03-22 11:42:06.442 [main] DEBUG org.springframework.beans.factory.support.DefaultListableBeanFactory - Creating shared instance of singleton bean 'myCustomer'
2023-03-22 11:42:06.465 [main] DEBUG org.springframework.beans.factory.support.DefaultListableBeanFactory - Creating shared instance of singleton bean 'address1'
2023-03-22 11:42:06.533 [main] DEBUG org.springframework.beans.factory.support.DefaultListableBeanFactory - Creating shared instance of singleton bean 'loanDtls'
2023-03-22 11:48:01.796 [main] DEBUG org.springframework.context.support.ClassPathXmlApplicationContext - Refreshing org.springframework.context.support.ClassPathXmlApplicationContext@41005828
2023-03-22 11:48:02.025 [main] DEBUG org.springframework.beans.factory.xml.XmlBeanDefinitionReader - Loaded 3 bean definitions from class path resource [config.xml]
2023-03-22 11:48:02.071 [main] DEBUG org.springframework.beans.factory.support.DefaultListableBeanFactory - Creating shared instance of singleton bean 'myCustomer'
2023-03-22 11:48:02.093 [main] DEBUG org.springframework.beans.factory.support.DefaultListableBeanFactory - Creating shared instance of singleton bean 'address1'
2023-03-22 11:48:02.151 [main] DEBUG org.springframework.beans.factory.support.DefaultListableBeanFactory - Creating shared instance of singleton bean 'loanDtls'
2023-03-22 11:52:01.645 [main] DEBUG org.springframework.context.support.ClassPathXmlApplicationContext - Refreshing org.springframework.context.support.ClassPathXmlApplicationContext@5c45d770
2023-03-22 11:52:01.902 [main] DEBUG org.springframework.beans.factory.xml.XmlBeanDefinitionReader - Loaded 3 bean definitions from class path resource [config.xml]
2023-03-22 11:52:01.945 [main] DEBUG org.springframework.beans.factory.support.DefaultListableBeanFactory - Creating shared instance of singleton bean 'myCustomer'
2023-03-22 11:52:01.967 [main] DEBUG org.springframework.beans.factory.support.DefaultListableBeanFactory - Creating shared instance of singleton bean 'address1'
2023-03-22 11:52:02.029 [main] DEBUG org.springframework.beans.factory.support.DefaultListableBeanFactory - Creating shared instance of singleton bean 'loanDtls'
2023-03-22 11:52:02.038 [main] WARN  org.springframework.context.support.ClassPathXmlApplicationContext - Exception encountered during context initialization - cancelling refresh attempt: org.springframework.beans.factory.BeanCreationException: Error creating bean with name 'myCustomer' defined in class path resource [config.xml]: Initialization of bean failed; nested exception is org.springframework.beans.ConversionNotSupportedException: Failed to convert property value of type 'java.lang.String' to required type 'java.time.LocalDate' for property 'dateOfBirth'; nested exception is java.lang.IllegalStateException: Cannot convert value of type 'java.lang.String' to required type 'java.time.LocalDate' for property 'dateOfBirth': no matching editors or conversion strategy found
2023-03-22 11:57:57.001 [main] DEBUG org.springframework.context.support.ClassPathXmlApplicationContext - Refreshing org.springframework.context.support.ClassPathXmlApplicationContext@5c45d770
2023-03-22 11:57:57.269 [main] DEBUG org.springframework.beans.factory.xml.XmlBeanDefinitionReader - Loaded 3 bean definitions from class path resource [config.xml]
2023-03-22 11:57:57.317 [main] DEBUG org.springframework.beans.factory.support.DefaultListableBeanFactory - Creating shared instance of singleton bean 'myCustomer'
2023-03-22 11:57:57.344 [main] DEBUG org.springframework.beans.factory.support.DefaultListableBeanFactory - Creating shared instance of singleton bean 'address1'
2023-03-22 11:57:57.442 [main] DEBUG org.springframework.beans.factory.support.DefaultListableBeanFactory - Creating shared instance of singleton bean 'loanDtls'
2023-03-22 11:57:57.455 [main] WARN  org.springframework.context.support.ClassPathXmlApplicationContext - Exception encountered during context initialization - cancelling refresh attempt: org.springframework.beans.factory.BeanCreationException: Error creating bean with name 'myCustomer' defined in class path resource [config.xml]: Initialization of bean failed; nested exception is org.springframework.beans.ConversionNotSupportedException: Failed to convert property value of type 'java.lang.String' to required type 'java.time.LocalDate' for property 'dateOfBirth'; nested exception is java.lang.IllegalStateException: Cannot convert value of type 'java.lang.String' to required type 'java.time.LocalDate' for property 'dateOfBirth': no matching editors or conversion strategy found
2023-03-22 11:58:44.135 [main] DEBUG org.springframework.context.support.ClassPathXmlApplicationContext - Refreshing org.springframework.context.support.ClassPathXmlApplicationContext@5c45d770
2023-03-22 11:58:44.393 [main] DEBUG org.springframework.beans.factory.xml.XmlBeanDefinitionReader - Loaded 3 bean definitions from class path resource [config.xml]
2023-03-22 11:58:44.451 [main] DEBUG org.springframework.beans.factory.support.DefaultListableBeanFactory - Creating shared instance of singleton bean 'myCustomer'
2023-03-22 11:58:44.478 [main] DEBUG org.springframework.beans.factory.support.DefaultListableBeanFactory - Creating shared instance of singleton bean 'address1'
2023-03-22 11:58:44.569 [main] DEBUG org.springframework.beans.factory.support.DefaultListableBeanFactory - Creating shared instance of singleton bean 'loanDtls'
2023-03-22 11:58:44.581 [main] WARN  org.springframework.context.support.ClassPathXmlApplicationContext - Exception encountered during context initialization - cancelling refresh attempt: org.springframework.beans.factory.BeanCreationException: Error creating bean with name 'myCustomer' defined in class path resource [config.xml]: Initialization of bean failed; nested exception is org.springframework.beans.ConversionNotSupportedException: Failed to convert property value of type 'java.lang.String' to required type 'java.time.LocalDate' for property 'dateOfBirth'; nested exception is java.lang.IllegalStateException: Cannot convert value of type 'java.lang.String' to required type 'java.time.LocalDate' for property 'dateOfBirth': no matching editors or conversion strategy found
2023-03-22 12:17:34.824 [main] DEBUG org.springframework.context.support.ClassPathXmlApplicationContext - Refreshing org.springframework.context.support.ClassPathXmlApplicationContext@5c45d770
2023-03-22 12:17:35.083 [main] DEBUG org.springframework.beans.factory.xml.XmlBeanDefinitionReader - Loaded 4 bean definitions from class path resource [config.xml]
2023-03-22 12:17:35.114 [main] DEBUG org.springframework.beans.factory.support.DefaultListableBeanFactory - Creating shared instance of singleton bean 'custumPropertyEditor'
2023-03-22 12:17:35.208 [main] DEBUG org.springframework.beans.factory.support.DefaultListableBeanFactory - Creating shared instance of singleton bean 'myCustomer'
2023-03-22 12:17:35.210 [main] DEBUG org.springframework.beans.factory.support.DefaultListableBeanFactory - Creating shared instance of singleton bean 'address1'
2023-03-22 12:17:35.230 [main] DEBUG org.springframework.beans.factory.support.DefaultListableBeanFactory - Creating shared instance of singleton bean 'loanDtls'
2023-03-22 12:40:26.107 [main] DEBUG org.springframework.context.support.ClassPathXmlApplicationContext - Refreshing org.springframework.context.support.ClassPathXmlApplicationContext@4196c360
2023-03-22 12:40:26.371 [main] DEBUG org.springframework.beans.factory.xml.XmlBeanDefinitionReader - Loaded 4 bean definitions from class path resource [config.xml]
2023-03-22 12:40:26.415 [main] DEBUG org.springframework.beans.factory.support.DefaultListableBeanFactory - Creating shared instance of singleton bean 'custumPropertyEditor'
2023-03-22 12:40:26.520 [main] DEBUG org.springframework.beans.factory.support.DefaultListableBeanFactory - Creating shared instance of singleton bean 'myCustomer'
2023-03-22 12:40:26.522 [main] DEBUG org.springframework.beans.factory.support.DefaultListableBeanFactory - Creating shared instance of singleton bean 'address1'
2023-03-22 12:40:26.543 [main] DEBUG org.springframework.beans.factory.support.DefaultListableBeanFactory - Creating shared instance of singleton bean 'loanDtls'
2023-03-22 13:48:43.514 [main] DEBUG org.springframework.context.support.ClassPathXmlApplicationContext - Refreshing org.springframework.context.support.ClassPathXmlApplicationContext@39d9314d
2023-03-22 13:48:44.810 [main] DEBUG org.springframework.beans.factory.xml.XmlBeanDefinitionReader - Loaded 4 bean definitions from class path resource [config.xml]
2023-03-22 13:48:44.858 [main] DEBUG org.springframework.beans.factory.support.DefaultListableBeanFactory - Creating shared instance of singleton bean 'custumPropertyEditor'
2023-03-22 13:48:44.967 [main] DEBUG org.springframework.beans.factory.support.DefaultListableBeanFactory - Creating shared instance of singleton bean 'myCustomer'
2023-03-22 13:48:44.969 [main] DEBUG org.springframework.beans.factory.support.DefaultListableBeanFactory - Creating shared instance of singleton bean 'address1'
2023-03-22 13:48:44.990 [main] DEBUG org.springframework.beans.factory.support.DefaultListableBeanFactory - Creating shared instance of singleton bean 'loanDtls'
2023-03-22 13:49:10.629 [main] DEBUG org.springframework.context.support.ClassPathXmlApplicationContext - Refreshing org.springframework.context.support.ClassPathXmlApplicationContext@6676f6a0
2023-03-22 13:49:10.900 [main] DEBUG org.springframework.beans.factory.xml.XmlBeanDefinitionReader - Loaded 2 bean definitions from class path resource [config.xml]
2023-03-22 13:49:10.939 [main] DEBUG org.springframework.beans.factory.support.DefaultListableBeanFactory - Creating shared instance of singleton bean 'custumPropertyEditor'
2023-03-22 13:49:11.039 [main] DEBUG org.springframework.beans.factory.support.DefaultListableBeanFactory - Creating shared instance of singleton bean 'springDay2'
2023-03-22 13:49:54.821 [main] DEBUG org.springframework.context.support.ClassPathXmlApplicationContext - Refreshing org.springframework.context.support.ClassPathXmlApplicationContext@5c45d770
2023-03-22 13:49:55.076 [main] DEBUG org.springframework.beans.factory.xml.XmlBeanDefinitionReader - Loaded 2 bean definitions from class path resource [config.xml]
2023-03-22 13:49:55.107 [main] DEBUG org.springframework.beans.factory.support.DefaultListableBeanFactory - Creating shared instance of singleton bean 'custumPropertyEditor'
2023-03-22 13:49:55.195 [main] DEBUG org.springframework.beans.factory.support.DefaultListableBeanFactory - Creating shared instance of singleton bean 'springDay2'
2023-03-22 14:00:03.525 [main] DEBUG org.springframework.context.support.ClassPathXmlApplicationContext - Refreshing org.springframework.context.support.ClassPathXmlApplicationContext@5c45d770
2023-03-22 14:03:47.685 [main] DEBUG org.springframework.context.support.ClassPathXmlApplicationContext - Refreshing org.springframework.context.support.ClassPathXmlApplicationContext@41005828
2023-03-22 14:03:47.914 [main] DEBUG org.springframework.beans.factory.xml.XmlBeanDefinitionReader - Loaded 4 bean definitions from class path resource [config.xml]
2023-03-22 14:03:47.946 [main] DEBUG org.springframework.beans.factory.support.DefaultListableBeanFactory - Creating shared instance of singleton bean 'custumPropertyEditor'
2023-03-22 14:03:48.035 [main] DEBUG org.springframework.beans.factory.support.DefaultListableBeanFactory - Creating shared instance of singleton bean 'myCustomer'
2023-03-22 14:03:48.040 [main] DEBUG org.springframework.beans.factory.support.DefaultListableBeanFactory - Creating shared instance of singleton bean 'address1'
2023-03-22 14:03:48.054 [main] DEBUG org.springframework.beans.factory.support.DefaultListableBeanFactory - Creating shared instance of singleton bean 'loanDtls'
2023-03-22 16:31:57.442 [main] DEBUG org.springframework.context.support.ClassPathXmlApplicationContext - Refreshing org.springframework.context.support.ClassPathXmlApplicationContext@4196c360
2023-03-22 16:31:57.634 [main] DEBUG org.springframework.beans.factory.xml.XmlBeanDefinitionReader - Loaded 1 bean definitions from class path resource [config.xml]
2023-03-22 16:31:57.677 [main] DEBUG org.springframework.beans.factory.support.DefaultListableBeanFactory - Creating shared instance of singleton bean 'personBean'
2023-03-22 16:31:57.770 [main] DEBUG org.springframework.context.support.ClassPathXmlApplicationContext - Closing org.springframework.context.support.ClassPathXmlApplicationContext@4196c360, started on Wed Mar 22 16:31:57 IST 2023
